{"uuid":"0135b44a-40f5-4d01-9676-8c71e115da93","historyId":"65b242f571cf8fe97b3771d64f62f40","fullName":"testcases.TimKiem.TimKiemWebBanHang.TimKiemTuKhoaNhapSo","labels":[{"name":"package","value":"testcases.TimKiem.TimKiemWebBanHang"},{"name":"testClass","value":"testcases.TimKiem.TimKiemWebBanHang"},{"name":"testMethod","value":"TimKiemTuKhoaNhapSo"},{"name":"parentSuite","value":"TestSuiteName"},{"name":"suite","value":"Suite1"},{"name":"subSuite","value":"testcases.TimKiem.TimKiemWebBanHang"},{"name":"host","value":"minhducz"},{"name":"thread","value":"77988@minhducz.main(1)"},{"name":"framework","value":"testng"},{"name":"language","value":"java"}],"links":[],"name":"TimKiemTuKhoaNhapSo","status":"failed","statusDetails":{"known":false,"muted":false,"flaky":false,"message":"Không bằng nhau expected [Không tìm thấy bất kỳ kết quả nào với từ khóa trên.] but found [KHÔNG TÌM THẤY BẤT KỲ KẾT QUẢ NÀO VỚI TỪ KHÓA TRÊN.]","trace":"java.lang.AssertionError: Không bằng nhau expected [Không tìm thấy bất kỳ kết quả nào với từ khóa trên.] but found [KHÔNG TÌM THẤY BẤT KỲ KẾT QUẢ NÀO VỚI TỪ KHÓA TRÊN.]\n\tat org.testng.Assert.fail(Assert.java:111)\n\tat org.testng.Assert.failNotEquals(Assert.java:1578)\n\tat org.testng.Assert.assertEqualsImpl(Assert.java:150)\n\tat org.testng.Assert.assertEquals(Assert.java:132)\n\tat org.testng.Assert.assertEquals(Assert.java:656)\n\tat helpers.Keyword.verifyElementText(Keyword.java:135)\n\tat pages.TimKiemPage.thayKetQuaSearchfail(TimKiemPage.java:77)\n\tat testcases.TimKiem.TimKiemWebBanHang.TimKiemTuKhoaNhapSo(TimKiemWebBanHang.java:43)\n\tat java.base/jdk.internal.reflect.NativeMethodAccessorImpl.invoke0(Native Method)\n\tat java.base/jdk.internal.reflect.NativeMethodAccessorImpl.invoke(NativeMethodAccessorImpl.java:64)\n\tat java.base/jdk.internal.reflect.DelegatingMethodAccessorImpl.invoke(DelegatingMethodAccessorImpl.java:43)\n\tat java.base/java.lang.reflect.Method.invoke(Method.java:564)\n\tat org.testng.internal.invokers.MethodInvocationHelper.invokeMethod(MethodInvocationHelper.java:141)\n\tat org.testng.internal.invokers.TestInvoker.invokeMethod(TestInvoker.java:686)\n\tat org.testng.internal.invokers.TestInvoker.invokeTestMethod(TestInvoker.java:230)\n\tat org.testng.internal.invokers.MethodRunner.runInSequence(MethodRunner.java:63)\n\tat org.testng.internal.invokers.TestInvoker$MethodInvocationAgent.invoke(TestInvoker.java:992)\n\tat org.testng.internal.invokers.TestInvoker.invokeTestMethods(TestInvoker.java:203)\n\tat org.testng.internal.invokers.TestMethodWorker.invokeTestMethods(TestMethodWorker.java:154)\n\tat org.testng.internal.invokers.TestMethodWorker.run(TestMethodWorker.java:134)\n\tat java.base/java.util.ArrayList.forEach(ArrayList.java:1511)\n\tat org.testng.TestRunner.privateRun(TestRunner.java:739)\n\tat org.testng.TestRunner.run(TestRunner.java:614)\n\tat org.testng.SuiteRunner.runTest(SuiteRunner.java:421)\n\tat org.testng.SuiteRunner.runSequentially(SuiteRunner.java:413)\n\tat org.testng.SuiteRunner.privateRun(SuiteRunner.java:373)\n\tat org.testng.SuiteRunner.run(SuiteRunner.java:312)\n\tat org.testng.SuiteRunnerWorker.runSuite(SuiteRunnerWorker.java:52)\n\tat org.testng.SuiteRunnerWorker.run(SuiteRunnerWorker.java:95)\n\tat org.testng.TestNG.runSuitesSequentially(TestNG.java:1274)\n\tat org.testng.TestNG.runSuitesLocally(TestNG.java:1208)\n\tat org.testng.TestNG.runSuites(TestNG.java:1112)\n\tat org.testng.TestNG.run(TestNG.java:1079)\n\tat com.intellij.rt.testng.IDEARemoteTestNG.run(IDEARemoteTestNG.java:66)\n\tat com.intellij.rt.testng.RemoteTestNGStarter.main(RemoteTestNGStarter.java:105)\n"},"stage":"finished","steps":[{"name":"Truy cập trang: https://maybi.com/","status":"passed","stage":"finished","steps":[],"attachments":[],"parameters":[{"name":"url","value":"https://maybi.com/"}],"start":1727966434349,"stop":1727966441155},{"name":"Tìm kiếm với từ khóa","status":"passed","stage":"finished","steps":[{"name":"Click vào By.xpath: /html/body/header[1]/div/div[4]/div/span","status":"passed","stage":"finished","steps":[],"attachments":[],"parameters":[{"name":"element","value":"By.xpath: /html/body/header[1]/div/div[4]/div/span"}],"start":1727966441155,"stop":1727966442265},{"name":"Nhập vào By.xpath: /html/body/header[2]/div/div[1]/div[2]/form/input[1] giá trị 12345","status":"passed","stage":"finished","steps":[{"name":"Xóa text trong By.xpath: /html/body/header[2]/div/div[1]/div[2]/form/input[1]","status":"passed","stage":"finished","steps":[],"attachments":[],"parameters":[{"name":"element","value":"By.xpath: /html/body/header[2]/div/div[1]/div[2]/form/input[1]"}],"start":1727966442330,"stop":1727966442598}],"attachments":[],"parameters":[{"name":"element","value":"By.xpath: /html/body/header[2]/div/div[1]/div[2]/form/input[1]"},{"name":"value","value":"12345"}],"start":1727966442265,"stop":1727966442696},{"name":"Đợi và đóng overlay nếu xuất hiện","status":"passed","stage":"finished","steps":[{"name":"Click vào By.xpath: //div[contains(@class, 'tw-bg-black/40')]","status":"passed","stage":"finished","steps":[],"attachments":[],"parameters":[{"name":"element","value":"By.xpath: //div[contains(@class, 'tw-bg-black/40')]"}],"start":1727966443263,"stop":1727966443463}],"attachments":[],"parameters":[],"start":1727966442696,"stop":1727966443464},{"name":"Click vào By.xpath: /html/body/header[2]/div/div[1]/div[2]/form/span/button","status":"passed","stage":"finished","steps":[],"attachments":[],"parameters":[{"name":"element","value":"By.xpath: /html/body/header[2]/div/div[1]/div[2]/form/span/button"}],"start":1727966443464,"stop":1727966445329}],"attachments":[],"parameters":[{"name":"tukhoa","value":"12345"}],"start":1727966441155,"stop":1727966445330},{"name":"Thông báo khi từ khóa fail","status":"failed","statusDetails":{"known":false,"muted":false,"flaky":false,"message":"Không bằng nhau expected [Không tìm thấy bất kỳ kết quả nào với từ khóa trên.] but found [KHÔNG TÌM THẤY BẤT KỲ KẾT QUẢ NÀO VỚI TỪ KHÓA TRÊN.]","trace":"java.lang.AssertionError: Không bằng nhau expected [Không tìm thấy bất kỳ kết quả nào với từ khóa trên.] but found [KHÔNG TÌM THẤY BẤT KỲ KẾT QUẢ NÀO VỚI TỪ KHÓA TRÊN.]\n\tat org.testng.Assert.fail(Assert.java:111)\n\tat org.testng.Assert.failNotEquals(Assert.java:1578)\n\tat org.testng.Assert.assertEqualsImpl(Assert.java:150)\n\tat org.testng.Assert.assertEquals(Assert.java:132)\n\tat org.testng.Assert.assertEquals(Assert.java:656)\n\tat helpers.Keyword.verifyElementText(Keyword.java:135)\n\tat pages.TimKiemPage.thayKetQuaSearchfail(TimKiemPage.java:77)\n\tat testcases.TimKiem.TimKiemWebBanHang.TimKiemTuKhoaNhapSo(TimKiemWebBanHang.java:43)\n\tat java.base/jdk.internal.reflect.NativeMethodAccessorImpl.invoke0(Native Method)\n\tat java.base/jdk.internal.reflect.NativeMethodAccessorImpl.invoke(NativeMethodAccessorImpl.java:64)\n\tat java.base/jdk.internal.reflect.DelegatingMethodAccessorImpl.invoke(DelegatingMethodAccessorImpl.java:43)\n\tat java.base/java.lang.reflect.Method.invoke(Method.java:564)\n\tat org.testng.internal.invokers.MethodInvocationHelper.invokeMethod(MethodInvocationHelper.java:141)\n\tat org.testng.internal.invokers.TestInvoker.invokeMethod(TestInvoker.java:686)\n\tat org.testng.internal.invokers.TestInvoker.invokeTestMethod(TestInvoker.java:230)\n\tat org.testng.internal.invokers.MethodRunner.runInSequence(MethodRunner.java:63)\n\tat org.testng.internal.invokers.TestInvoker$MethodInvocationAgent.invoke(TestInvoker.java:992)\n\tat org.testng.internal.invokers.TestInvoker.invokeTestMethods(TestInvoker.java:203)\n\tat org.testng.internal.invokers.TestMethodWorker.invokeTestMethods(TestMethodWorker.java:154)\n\tat org.testng.internal.invokers.TestMethodWorker.run(TestMethodWorker.java:134)\n\tat java.base/java.util.ArrayList.forEach(ArrayList.java:1511)\n\tat org.testng.TestRunner.privateRun(TestRunner.java:739)\n\tat org.testng.TestRunner.run(TestRunner.java:614)\n\tat org.testng.SuiteRunner.runTest(SuiteRunner.java:421)\n\tat org.testng.SuiteRunner.runSequentially(SuiteRunner.java:413)\n\tat org.testng.SuiteRunner.privateRun(SuiteRunner.java:373)\n\tat org.testng.SuiteRunner.run(SuiteRunner.java:312)\n\tat org.testng.SuiteRunnerWorker.runSuite(SuiteRunnerWorker.java:52)\n\tat org.testng.SuiteRunnerWorker.run(SuiteRunnerWorker.java:95)\n\tat org.testng.TestNG.runSuitesSequentially(TestNG.java:1274)\n\tat org.testng.TestNG.runSuitesLocally(TestNG.java:1208)\n\tat org.testng.TestNG.runSuites(TestNG.java:1112)\n\tat org.testng.TestNG.run(TestNG.java:1079)\n\tat com.intellij.rt.testng.IDEARemoteTestNG.run(IDEARemoteTestNG.java:66)\n\tat com.intellij.rt.testng.RemoteTestNGStarter.main(RemoteTestNGStarter.java:105)\n"},"stage":"finished","steps":[{"name":"so sánh text của By.xpath: //h2[contains(text(),'Không tìm thấy bất kỳ kết quả nào với từ khóa trên.')] với Không tìm thấy bất kỳ kết quả nào với từ khóa trên.","status":"failed","statusDetails":{"known":false,"muted":false,"flaky":false,"message":"Không bằng nhau expected [Không tìm thấy bất kỳ kết quả nào với từ khóa trên.] but found [KHÔNG TÌM THẤY BẤT KỲ KẾT QUẢ NÀO VỚI TỪ KHÓA TRÊN.]","trace":"java.lang.AssertionError: Không bằng nhau expected [Không tìm thấy bất kỳ kết quả nào với từ khóa trên.] but found [KHÔNG TÌM THẤY BẤT KỲ KẾT QUẢ NÀO VỚI TỪ KHÓA TRÊN.]\n\tat org.testng.Assert.fail(Assert.java:111)\n\tat org.testng.Assert.failNotEquals(Assert.java:1578)\n\tat org.testng.Assert.assertEqualsImpl(Assert.java:150)\n\tat org.testng.Assert.assertEquals(Assert.java:132)\n\tat org.testng.Assert.assertEquals(Assert.java:656)\n\tat helpers.Keyword.verifyElementText(Keyword.java:135)\n\tat pages.TimKiemPage.thayKetQuaSearchfail(TimKiemPage.java:77)\n\tat testcases.TimKiem.TimKiemWebBanHang.TimKiemTuKhoaNhapSo(TimKiemWebBanHang.java:43)\n\tat java.base/jdk.internal.reflect.NativeMethodAccessorImpl.invoke0(Native Method)\n\tat java.base/jdk.internal.reflect.NativeMethodAccessorImpl.invoke(NativeMethodAccessorImpl.java:64)\n\tat java.base/jdk.internal.reflect.DelegatingMethodAccessorImpl.invoke(DelegatingMethodAccessorImpl.java:43)\n\tat java.base/java.lang.reflect.Method.invoke(Method.java:564)\n\tat org.testng.internal.invokers.MethodInvocationHelper.invokeMethod(MethodInvocationHelper.java:141)\n\tat org.testng.internal.invokers.TestInvoker.invokeMethod(TestInvoker.java:686)\n\tat org.testng.internal.invokers.TestInvoker.invokeTestMethod(TestInvoker.java:230)\n\tat org.testng.internal.invokers.MethodRunner.runInSequence(MethodRunner.java:63)\n\tat org.testng.internal.invokers.TestInvoker$MethodInvocationAgent.invoke(TestInvoker.java:992)\n\tat org.testng.internal.invokers.TestInvoker.invokeTestMethods(TestInvoker.java:203)\n\tat org.testng.internal.invokers.TestMethodWorker.invokeTestMethods(TestMethodWorker.java:154)\n\tat org.testng.internal.invokers.TestMethodWorker.run(TestMethodWorker.java:134)\n\tat java.base/java.util.ArrayList.forEach(ArrayList.java:1511)\n\tat org.testng.TestRunner.privateRun(TestRunner.java:739)\n\tat org.testng.TestRunner.run(TestRunner.java:614)\n\tat org.testng.SuiteRunner.runTest(SuiteRunner.java:421)\n\tat org.testng.SuiteRunner.runSequentially(SuiteRunner.java:413)\n\tat org.testng.SuiteRunner.privateRun(SuiteRunner.java:373)\n\tat org.testng.SuiteRunner.run(SuiteRunner.java:312)\n\tat org.testng.SuiteRunnerWorker.runSuite(SuiteRunnerWorker.java:52)\n\tat org.testng.SuiteRunnerWorker.run(SuiteRunnerWorker.java:95)\n\tat org.testng.TestNG.runSuitesSequentially(TestNG.java:1274)\n\tat org.testng.TestNG.runSuitesLocally(TestNG.java:1208)\n\tat org.testng.TestNG.runSuites(TestNG.java:1112)\n\tat org.testng.TestNG.run(TestNG.java:1079)\n\tat com.intellij.rt.testng.IDEARemoteTestNG.run(IDEARemoteTestNG.java:66)\n\tat com.intellij.rt.testng.RemoteTestNGStarter.main(RemoteTestNGStarter.java:105)\n"},"stage":"finished","steps":[],"attachments":[],"parameters":[{"name":"element","value":"By.xpath: //h2[contains(text(),'Không tìm thấy bất kỳ kết quả nào với từ khóa trên.')]"},{"name":"textValue","value":"Không tìm thấy bất kỳ kết quả nào với từ khóa trên."}],"start":1727966445330,"stop":1727966445372}],"attachments":[],"parameters":[{"name":"ketqua","value":"Không tìm thấy bất kỳ kết quả nào với từ khóa trên."}],"start":1727966445330,"stop":1727966445372}],"attachments":[],"parameters":[],"start":1727966434348,"stop":1727966445547}